This is pdfTeX, Version 3.14159265-2.6-1.40.19 (MiKTeX 2.9.6840 64-bit) (preloaded format=pdflatex 2018.10.24)  23 FEB 2019 16:22
entering extended mode
**C:/Users/tanja/Documents/Uni/Analysis/Analysis-LaTeX/analysis_skript.tex
(C:/Users/tanja/Documents/Uni/Analysis/Analysis-LaTeX/analysis_skript.tex
LaTeX2e <2018-04-01> patch level 5
("C:\Program Files\MiKTeX 2.9\tex\latex\base\article.cls"
Document Class: article 2014/09/29 v1.4h Standard LaTeX document class
("C:\Program Files\MiKTeX 2.9\tex\latex\base\size10.clo"
File: size10.clo 2014/09/29 v1.4h Standard LaTeX file (size option)
)
\c@part=\count80
\c@section=\count81
\c@subsection=\count82
\c@subsubsection=\count83
\c@paragraph=\count84
\c@subparagraph=\count85
\c@figure=\count86
\c@table=\count87
\abovecaptionskip=\skip41
\belowcaptionskip=\skip42
\bibindent=\dimen102
)
("C:\Program Files\MiKTeX 2.9\tex\latex\amsmath\amsmath.sty"
Package: amsmath 2017/09/02 v2.17a AMS math features
\@mathmargin=\skip43

For additional information on amsmath, use the `?' option.
("C:\Program Files\MiKTeX 2.9\tex\latex\amsmath\amstext.sty"
Package: amstext 2000/06/29 v2.01 AMS text

("C:\Program Files\MiKTeX 2.9\tex\latex\amsmath\amsgen.sty"
File: amsgen.sty 1999/11/30 v2.0 generic functions
\@emptytoks=\toks14
\ex@=\dimen103
))
("C:\Program Files\MiKTeX 2.9\tex\latex\amsmath\amsbsy.sty"
Package: amsbsy 1999/11/29 v1.2d Bold Symbols
\pmbraise@=\dimen104
)
("C:\Program Files\MiKTeX 2.9\tex\latex\amsmath\amsopn.sty"
Package: amsopn 2016/03/08 v2.02 operator names
)
\inf@bad=\count88
LaTeX Info: Redefining \frac on input line 213.
\uproot@=\count89
\leftroot@=\count90
LaTeX Info: Redefining \overline on input line 375.
\classnum@=\count91
\DOTSCASE@=\count92
LaTeX Info: Redefining \ldots on input line 472.
LaTeX Info: Redefining \dots on input line 475.
LaTeX Info: Redefining \cdots on input line 596.
\Mathstrutbox@=\box26
\strutbox@=\box27
\big@size=\dimen105
LaTeX Font Info:    Redeclaring font encoding OML on input line 712.
LaTeX Font Info:    Redeclaring font encoding OMS on input line 713.
\macc@depth=\count93
\c@MaxMatrixCols=\count94
\dotsspace@=\muskip10
\c@parentequation=\count95
\dspbrk@lvl=\count96
\tag@help=\toks15
\row@=\count97
\column@=\count98
\maxfields@=\count99
\andhelp@=\toks16
\eqnshift@=\dimen106
\alignsep@=\dimen107
\tagshift@=\dimen108
\tagwidth@=\dimen109
\totwidth@=\dimen110
\lineht@=\dimen111
\@envbody=\toks17
\multlinegap=\skip44
\multlinetaggap=\skip45
\mathdisplay@stack=\toks18
LaTeX Info: Redefining \[ on input line 2817.
LaTeX Info: Redefining \] on input line 2818.
)
("C:\Program Files\MiKTeX 2.9\tex\latex\amsfonts\amsfonts.sty"
Package: amsfonts 2013/01/14 v3.01 Basic AMSFonts support
\symAMSa=\mathgroup4
\symAMSb=\mathgroup5
LaTeX Font Info:    Overwriting math alphabet `\mathfrak' in version `bold'
(Font)                  U/euf/m/n --> U/euf/b/n on input line 106.
)
("C:\Program Files\MiKTeX 2.9\tex\latex\amsfonts\amssymb.sty"
Package: amssymb 2013/01/14 v3.01 AMS font symbols
)
("C:\Program Files\MiKTeX 2.9\tex\latex\amscls\amsthm.sty"
Package: amsthm 2017/10/31 v2.20.4
\thm@style=\toks19
\thm@bodyfont=\toks20
\thm@headfont=\toks21
\thm@notefont=\toks22
\thm@headpunct=\toks23
\thm@preskip=\skip46
\thm@postskip=\skip47
\thm@headsep=\skip48
\dth@everypar=\toks24
)
("C:\Program Files\MiKTeX 2.9\tex\latex\base\inputenc.sty"
Package: inputenc 2018/04/06 v1.3b Input encoding file
\inpenc@prehook=\toks25
\inpenc@posthook=\toks26
)
("C:\Program Files\MiKTeX 2.9\tex\latex\base\fontenc.sty"
Package: fontenc 2017/04/05 v2.0i Standard LaTeX package

("C:\Program Files\MiKTeX 2.9\tex\latex\base\t1enc.def"
File: t1enc.def 2017/04/05 v2.0i Standard LaTeX file
LaTeX Font Info:    Redeclaring font encoding T1 on input line 48.
))
("C:\Program Files\MiKTeX 2.9\tex\latex\enumitem\enumitem.sty"
Package: enumitem 2011/09/28 v3.5.2 Customized lists
\enitkv@toks@=\toks27
\labelindent=\skip49
\enit@outerparindent=\dimen112
\enit@toks=\toks28
\enit@inbox=\box28
\enitdp@description=\count100
)
("C:\Program Files\MiKTeX 2.9\tex\generic\german\ngerman.sty" v2.5e 1998-07-08
Package: ngerman 1998/07/08 v2.5e Support for writing german texts (br)
\grmnU@D=\dimen113
ngerman -- \language number for naustrian undefined, default 45 used.
) ("C:\Program Files\MiKTeX 2.9\tex\latex\mathtools\mathtools.sty"
Package: mathtools 2018/01/08 v1.21 mathematical typesetting tools

("C:\Program Files\MiKTeX 2.9\tex\latex\graphics\keyval.sty"
Package: keyval 2014/10/28 v1.15 key=value parser (DPC)
\KV@toks@=\toks29
)
("C:\Program Files\MiKTeX 2.9\tex\latex\tools\calc.sty"
Package: calc 2017/05/25 v4.3 Infix arithmetic (KKT,FJ)
\calc@Acount=\count101
\calc@Bcount=\count102
\calc@Adimen=\dimen114
\calc@Bdimen=\dimen115
\calc@Askip=\skip50
\calc@Bskip=\skip51
LaTeX Info: Redefining \setlength on input line 80.
LaTeX Info: Redefining \addtolength on input line 81.
\calc@Ccount=\count103
\calc@Cskip=\skip52
)
("C:\Program Files\MiKTeX 2.9\tex\latex\mathtools\mhsetup.sty"
Package: mhsetup 2017/03/31 v1.3 programming setup (MH)
)
LaTeX Info: Thecontrolsequence`\('isalreadyrobust on input line 129.
LaTeX Info: Thecontrolsequence`\)'isalreadyrobust on input line 129.
LaTeX Info: Thecontrolsequence`\['isalreadyrobust on input line 129.
LaTeX Info: Thecontrolsequence`\]'isalreadyrobust on input line 129.
\g_MT_multlinerow_int=\count104
\l_MT_multwidth_dim=\dimen116
\origjot=\skip53
\l_MT_shortvdotswithinadjustabove_dim=\dimen117
\l_MT_shortvdotswithinadjustbelow_dim=\dimen118
\l_MT_above_intertext_sep=\dimen119
\l_MT_below_intertext_sep=\dimen120
\l_MT_above_shortintertext_sep=\dimen121
\l_MT_below_shortintertext_sep=\dimen122
)
("C:\Program Files\MiKTeX 2.9\tex\latex\pgf\frontendlayer\tikz.sty"
("C:\Program Files\MiKTeX 2.9\tex\latex\pgf\basiclayer\pgf.sty"
("C:\Program Files\MiKTeX 2.9\tex\latex\pgf\utilities\pgfrcs.sty"
("C:\Program Files\MiKTeX 2.9\tex\generic\pgf\utilities\pgfutil-common.tex"
\pgfutil@everybye=\toks30
\pgfutil@tempdima=\dimen123
\pgfutil@tempdimb=\dimen124

("C:\Program Files\MiKTeX 2.9\tex\generic\pgf\utilities\pgfutil-common-lists.te
x")) ("C:\Program Files\MiKTeX 2.9\tex\generic\pgf\utilities\pgfutil-latex.def"
\pgfutil@abb=\box29
("C:\Program Files\MiKTeX 2.9\tex\latex\ms\everyshi.sty"
Package: everyshi 2001/05/15 v3.00 EveryShipout Package (MS)
))
("C:\Program Files\MiKTeX 2.9\tex\generic\pgf\utilities\pgfrcs.code.tex"
Package: pgfrcs 2015/08/07 v3.0.1a (rcs-revision 1.31)
))
Package: pgf 2015/08/07 v3.0.1a (rcs-revision 1.15)

("C:\Program Files\MiKTeX 2.9\tex\latex\pgf\basiclayer\pgfcore.sty"
("C:\Program Files\MiKTeX 2.9\tex\latex\graphics\graphicx.sty"
Package: graphicx 2017/06/01 v1.1a Enhanced LaTeX Graphics (DPC,SPQR)

("C:\Program Files\MiKTeX 2.9\tex\latex\graphics\graphics.sty"
Package: graphics 2017/06/25 v1.2c Standard LaTeX Graphics (DPC,SPQR)

("C:\Program Files\MiKTeX 2.9\tex\latex\graphics\trig.sty"
Package: trig 2016/01/03 v1.10 sin cos tan (DPC)
)
("C:\Program Files\MiKTeX 2.9\tex\latex\graphics-cfg\graphics.cfg"
File: graphics.cfg 2016/06/04 v1.11 sample graphics configuration
)
Package graphics Info: Driver file: pdftex.def on input line 99.

("C:\Program Files\MiKTeX 2.9\tex\latex\graphics-def\pdftex.def"
File: pdftex.def 2018/01/08 v1.0l Graphics/color driver for pdftex
))
\Gin@req@height=\dimen125
\Gin@req@width=\dimen126
)
("C:\Program Files\MiKTeX 2.9\tex\latex\pgf\systemlayer\pgfsys.sty"
("C:\Program Files\MiKTeX 2.9\tex\generic\pgf\systemlayer\pgfsys.code.tex"
Package: pgfsys 2014/07/09 v3.0.1a (rcs-revision 1.48)

("C:\Program Files\MiKTeX 2.9\tex\generic\pgf\utilities\pgfkeys.code.tex"
\pgfkeys@pathtoks=\toks31
\pgfkeys@temptoks=\toks32

("C:\Program Files\MiKTeX 2.9\tex\generic\pgf\utilities\pgfkeysfiltered.code.te
x"
\pgfkeys@tmptoks=\toks33
))
\pgf@x=\dimen127
\pgf@y=\dimen128
\pgf@xa=\dimen129
\pgf@ya=\dimen130
\pgf@xb=\dimen131
\pgf@yb=\dimen132
\pgf@xc=\dimen133
\pgf@yc=\dimen134
\w@pgf@writea=\write3
\r@pgf@reada=\read1
\c@pgf@counta=\count105
\c@pgf@countb=\count106
\c@pgf@countc=\count107
\c@pgf@countd=\count108
\t@pgf@toka=\toks34
\t@pgf@tokb=\toks35
\t@pgf@tokc=\toks36
 ("C:\Program Files\MiKTeX 2.9\tex\generic\pgf\systemlayer\pgf.cfg"
File: pgf.cfg 2008/05/14  (rcs-revision 1.7)
)
Driver file for pgf: pgfsys-pdftex.def

("C:\Program Files\MiKTeX 2.9\tex\generic\pgf\systemlayer\pgfsys-pdftex.def"
File: pgfsys-pdftex.def 2014/10/11  (rcs-revision 1.35)

("C:\Program Files\MiKTeX 2.9\tex\generic\pgf\systemlayer\pgfsys-common-pdf.def
"
File: pgfsys-common-pdf.def 2013/10/10  (rcs-revision 1.13)
)))
("C:\Program Files\MiKTeX 2.9\tex\generic\pgf\systemlayer\pgfsyssoftpath.code.t
ex"
File: pgfsyssoftpath.code.tex 2013/09/09  (rcs-revision 1.9)
\pgfsyssoftpath@smallbuffer@items=\count109
\pgfsyssoftpath@bigbuffer@items=\count110
)
("C:\Program Files\MiKTeX 2.9\tex\generic\pgf\systemlayer\pgfsysprotocol.code.t
ex"
File: pgfsysprotocol.code.tex 2006/10/16  (rcs-revision 1.4)
)) ("C:\Program Files\MiKTeX 2.9\tex\latex\xcolor\xcolor.sty"
Package: xcolor 2016/05/11 v2.12 LaTeX color extensions (UK)

("C:\Program Files\MiKTeX 2.9\tex\latex\graphics-cfg\color.cfg"
File: color.cfg 2016/01/02 v1.6 sample color configuration
)
Package xcolor Info: Driver file: pdftex.def on input line 225.
Package xcolor Info: Model `cmy' substituted by `cmy0' on input line 1348.
Package xcolor Info: Model `hsb' substituted by `rgb' on input line 1352.
Package xcolor Info: Model `RGB' extended on input line 1364.
Package xcolor Info: Model `HTML' substituted by `rgb' on input line 1366.
Package xcolor Info: Model `Hsb' substituted by `hsb' on input line 1367.
Package xcolor Info: Model `tHsb' substituted by `hsb' on input line 1368.
Package xcolor Info: Model `HSB' substituted by `hsb' on input line 1369.
Package xcolor Info: Model `Gray' substituted by `gray' on input line 1370.
Package xcolor Info: Model `wave' substituted by `hsb' on input line 1371.
)
("C:\Program Files\MiKTeX 2.9\tex\generic\pgf\basiclayer\pgfcore.code.tex"
Package: pgfcore 2010/04/11 v3.0.1a (rcs-revision 1.7)

("C:\Program Files\MiKTeX 2.9\tex\generic\pgf\math\pgfmath.code.tex"
("C:\Program Files\MiKTeX 2.9\tex\generic\pgf\math\pgfmathcalc.code.tex"
("C:\Program Files\MiKTeX 2.9\tex\generic\pgf\math\pgfmathutil.code.tex")
("C:\Program Files\MiKTeX 2.9\tex\generic\pgf\math\pgfmathparser.code.tex"
\pgfmath@dimen=\dimen135
\pgfmath@count=\count111
\pgfmath@box=\box30
\pgfmath@toks=\toks37
\pgfmath@stack@operand=\toks38
\pgfmath@stack@operation=\toks39
)
("C:\Program Files\MiKTeX 2.9\tex\generic\pgf\math\pgfmathfunctions.code.tex"
("C:\Program Files\MiKTeX 2.9\tex\generic\pgf\math\pgfmathfunctions.basic.code.
tex")
("C:\Program Files\MiKTeX 2.9\tex\generic\pgf\math\pgfmathfunctions.trigonometr
ic.code.tex")
("C:\Program Files\MiKTeX 2.9\tex\generic\pgf\math\pgfmathfunctions.random.code
.tex")
("C:\Program Files\MiKTeX 2.9\tex\generic\pgf\math\pgfmathfunctions.comparison.
code.tex")
("C:\Program Files\MiKTeX 2.9\tex\generic\pgf\math\pgfmathfunctions.base.code.t
ex")
("C:\Program Files\MiKTeX 2.9\tex\generic\pgf\math\pgfmathfunctions.round.code.
tex")
("C:\Program Files\MiKTeX 2.9\tex\generic\pgf\math\pgfmathfunctions.misc.code.t
ex")
("C:\Program Files\MiKTeX 2.9\tex\generic\pgf\math\pgfmathfunctions.integerarit
hmetics.code.tex")))
("C:\Program Files\MiKTeX 2.9\tex\generic\pgf\math\pgfmathfloat.code.tex"
\c@pgfmathroundto@lastzeros=\count112
))
("C:\Program Files\MiKTeX 2.9\tex\generic\pgf\basiclayer\pgfcorepoints.code.tex
"
File: pgfcorepoints.code.tex 2013/10/07  (rcs-revision 1.27)
\pgf@picminx=\dimen136
\pgf@picmaxx=\dimen137
\pgf@picminy=\dimen138
\pgf@picmaxy=\dimen139
\pgf@pathminx=\dimen140
\pgf@pathmaxx=\dimen141
\pgf@pathminy=\dimen142
\pgf@pathmaxy=\dimen143
\pgf@xx=\dimen144
\pgf@xy=\dimen145
\pgf@yx=\dimen146
\pgf@yy=\dimen147
\pgf@zx=\dimen148
\pgf@zy=\dimen149
)
("C:\Program Files\MiKTeX 2.9\tex\generic\pgf\basiclayer\pgfcorepathconstruct.c
ode.tex"
File: pgfcorepathconstruct.code.tex 2013/10/07  (rcs-revision 1.29)
\pgf@path@lastx=\dimen150
\pgf@path@lasty=\dimen151
)
("C:\Program Files\MiKTeX 2.9\tex\generic\pgf\basiclayer\pgfcorepathusage.code.
tex"
File: pgfcorepathusage.code.tex 2014/11/02  (rcs-revision 1.24)
\pgf@shorten@end@additional=\dimen152
\pgf@shorten@start@additional=\dimen153
)
("C:\Program Files\MiKTeX 2.9\tex\generic\pgf\basiclayer\pgfcorescopes.code.tex
"
File: pgfcorescopes.code.tex 2015/05/08  (rcs-revision 1.46)
\pgfpic=\box31
\pgf@hbox=\box32
\pgf@layerbox@main=\box33
\pgf@picture@serial@count=\count113
)
("C:\Program Files\MiKTeX 2.9\tex\generic\pgf\basiclayer\pgfcoregraphicstate.co
de.tex"
File: pgfcoregraphicstate.code.tex 2014/11/02  (rcs-revision 1.12)
\pgflinewidth=\dimen154
)
("C:\Program Files\MiKTeX 2.9\tex\generic\pgf\basiclayer\pgfcoretransformations
.code.tex"
File: pgfcoretransformations.code.tex 2015/08/07  (rcs-revision 1.20)
\pgf@pt@x=\dimen155
\pgf@pt@y=\dimen156
\pgf@pt@temp=\dimen157
)
("C:\Program Files\MiKTeX 2.9\tex\generic\pgf\basiclayer\pgfcorequick.code.tex"
File: pgfcorequick.code.tex 2008/10/09  (rcs-revision 1.3)
)
("C:\Program Files\MiKTeX 2.9\tex\generic\pgf\basiclayer\pgfcoreobjects.code.te
x"
File: pgfcoreobjects.code.tex 2006/10/11  (rcs-revision 1.2)
)
("C:\Program Files\MiKTeX 2.9\tex\generic\pgf\basiclayer\pgfcorepathprocessing.
code.tex"
File: pgfcorepathprocessing.code.tex 2013/09/09  (rcs-revision 1.9)
)
("C:\Program Files\MiKTeX 2.9\tex\generic\pgf\basiclayer\pgfcorearrows.code.tex
"
File: pgfcorearrows.code.tex 2015/05/14  (rcs-revision 1.43)
\pgfarrowsep=\dimen158
)
("C:\Program Files\MiKTeX 2.9\tex\generic\pgf\basiclayer\pgfcoreshade.code.tex"
File: pgfcoreshade.code.tex 2013/07/15  (rcs-revision 1.15)
\pgf@max=\dimen159
\pgf@sys@shading@range@num=\count114
) ("C:\Program Files\MiKTeX 2.9\tex\generic\pgf\basiclayer\pgfcoreimage.code.te
x"
File: pgfcoreimage.code.tex 2013/07/15  (rcs-revision 1.18)

("C:\Program Files\MiKTeX 2.9\tex\generic\pgf\basiclayer\pgfcoreexternal.code.t
ex"
File: pgfcoreexternal.code.tex 2014/07/09  (rcs-revision 1.21)
\pgfexternal@startupbox=\box34
))
("C:\Program Files\MiKTeX 2.9\tex\generic\pgf\basiclayer\pgfcorelayers.code.tex
"
File: pgfcorelayers.code.tex 2013/07/18  (rcs-revision 1.7)
)
("C:\Program Files\MiKTeX 2.9\tex\generic\pgf\basiclayer\pgfcoretransparency.co
de.tex"
File: pgfcoretransparency.code.tex 2013/09/30  (rcs-revision 1.5)
)
("C:\Program Files\MiKTeX 2.9\tex\generic\pgf\basiclayer\pgfcorepatterns.code.t
ex"
File: pgfcorepatterns.code.tex 2013/11/07  (rcs-revision 1.5)
)))
("C:\Program Files\MiKTeX 2.9\tex\generic\pgf\modules\pgfmoduleshapes.code.tex"
File: pgfmoduleshapes.code.tex 2014/03/21  (rcs-revision 1.35)
\pgfnodeparttextbox=\box35
) ("C:\Program Files\MiKTeX 2.9\tex\generic\pgf\modules\pgfmoduleplot.code.tex"
File: pgfmoduleplot.code.tex 2015/08/03  (rcs-revision 1.13)
)
("C:\Program Files\MiKTeX 2.9\tex\latex\pgf\compatibility\pgfcomp-version-0-65.
sty"
Package: pgfcomp-version-0-65 2007/07/03 v3.0.1a (rcs-revision 1.7)
\pgf@nodesepstart=\dimen160
\pgf@nodesepend=\dimen161
)
("C:\Program Files\MiKTeX 2.9\tex\latex\pgf\compatibility\pgfcomp-version-1-18.
sty"
Package: pgfcomp-version-1-18 2007/07/23 v3.0.1a (rcs-revision 1.1)
)) ("C:\Program Files\MiKTeX 2.9\tex\latex\pgf\utilities\pgffor.sty"
("C:\Program Files\MiKTeX 2.9\tex\latex\pgf\utilities\pgfkeys.sty"
("C:\Program Files\MiKTeX 2.9\tex\generic\pgf\utilities\pgfkeys.code.tex"))
("C:\Program Files\MiKTeX 2.9\tex\latex\pgf\math\pgfmath.sty"
("C:\Program Files\MiKTeX 2.9\tex\generic\pgf\math\pgfmath.code.tex"))
("C:\Program Files\MiKTeX 2.9\tex\generic\pgf\utilities\pgffor.code.tex"
Package: pgffor 2013/12/13 v3.0.1a (rcs-revision 1.25)

("C:\Program Files\MiKTeX 2.9\tex\generic\pgf\math\pgfmath.code.tex")
\pgffor@iter=\dimen162
\pgffor@skip=\dimen163
\pgffor@stack=\toks40
\pgffor@toks=\toks41
))
("C:\Program Files\MiKTeX 2.9\tex\generic\pgf\frontendlayer\tikz\tikz.code.tex"
Package: tikz 2015/08/07 v3.0.1a (rcs-revision 1.151)

("C:\Program Files\MiKTeX 2.9\tex\generic\pgf\libraries\pgflibraryplothandlers.
code.tex"
File: pgflibraryplothandlers.code.tex 2013/08/31 v3.0.1a (rcs-revision 1.20)
\pgf@plot@mark@count=\count115
\pgfplotmarksize=\dimen164
)
\tikz@lastx=\dimen165
\tikz@lasty=\dimen166
\tikz@lastxsaved=\dimen167
\tikz@lastysaved=\dimen168
\tikzleveldistance=\dimen169
\tikzsiblingdistance=\dimen170
\tikz@figbox=\box36
\tikz@figbox@bg=\box37
\tikz@tempbox=\box38
\tikz@tempbox@bg=\box39
\tikztreelevel=\count116
\tikznumberofchildren=\count117
\tikznumberofcurrentchild=\count118
\tikz@fig@count=\count119

("C:\Program Files\MiKTeX 2.9\tex\generic\pgf\modules\pgfmodulematrix.code.tex"
File: pgfmodulematrix.code.tex 2013/09/17  (rcs-revision 1.8)
\pgfmatrixcurrentrow=\count120
\pgfmatrixcurrentcolumn=\count121
\pgf@matrix@numberofcolumns=\count122
)
\tikz@expandcount=\count123

("C:\Program Files\MiKTeX 2.9\tex\generic\pgf\frontendlayer\tikz\libraries\tikz
librarytopaths.code.tex"
File: tikzlibrarytopaths.code.tex 2008/06/17 v3.0.1a (rcs-revision 1.2)
)))
("C:\Program Files\MiKTeX 2.9\tex\latex\setspace\setspace.sty"
Package: setspace 2011/12/19 v6.7a set line spacing
)
("C:\Program Files\MiKTeX 2.9\tex\latex\geometry\geometry.sty"
Package: geometry 2018/04/16 v5.8 Page Geometry

("C:\Program Files\MiKTeX 2.9\tex\generic\oberdiek\ifpdf.sty"
Package: ifpdf 2018/09/07 v3.3 Provides the ifpdf switch
)
("C:\Program Files\MiKTeX 2.9\tex\generic\oberdiek\ifvtex.sty"
Package: ifvtex 2016/05/16 v1.6 Detect VTeX and its facilities (HO)
Package ifvtex Info: VTeX not detected.
)
("C:\Program Files\MiKTeX 2.9\tex\generic\ifxetex\ifxetex.sty"
Package: ifxetex 2010/09/12 v0.6 Provides ifxetex conditional
)
\Gm@cnth=\count124
\Gm@cntv=\count125
\c@Gm@tempcnt=\count126
\Gm@bindingoffset=\dimen171
\Gm@wd@mp=\dimen172
\Gm@odd@mp=\dimen173
\Gm@even@mp=\dimen174
\Gm@layoutwidth=\dimen175
\Gm@layoutheight=\dimen176
\Gm@layouthoffset=\dimen177
\Gm@layoutvoffset=\dimen178
\Gm@dimlist=\toks42

("C:\Program Files\MiKTeX 2.9\tex\latex\geometry\geometry.cfg"))
("C:\Program Files\MiKTeX 2.9\tex\latex\wrapfig\wrapfig.sty"
\wrapoverhang=\dimen179
\WF@size=\dimen180
\c@WF@wrappedlines=\count127
\WF@box=\box40
\WF@everypar=\toks43
Package: wrapfig 2003/01/31  v 3.6
)
("C:\Program Files\MiKTeX 2.9\tex\latex\tools\multicol.sty"
Package: multicol 2018/04/20 v1.8s multicolumn formatting (FMi)
\c@tracingmulticols=\count128
\mult@box=\box41
\multicol@leftmargin=\dimen181
\c@unbalance=\count129
\c@collectmore=\count130
\doublecol@number=\count131
\multicoltolerance=\count132
\multicolpretolerance=\count133
\full@width=\dimen182
\page@free=\dimen183
\premulticols=\dimen184
\postmulticols=\dimen185
\multicolsep=\skip54
\multicolbaselineskip=\skip55
\partial@page=\box42
\last@line=\box43
\maxbalancingoverflow=\dimen186
\mult@rightbox=\box44
\mult@grightbox=\box45
\mult@gfirstbox=\box46
\mult@firstbox=\box47
\@tempa=\box48
\@tempa=\box49
\@tempa=\box50
\@tempa=\box51
\@tempa=\box52
\@tempa=\box53
\@tempa=\box54
\@tempa=\box55
\@tempa=\box56
\@tempa=\box57
\@tempa=\box58
\@tempa=\box59
\@tempa=\box60
\@tempa=\box61
\@tempa=\box62
\@tempa=\box63
\@tempa=\box64
\c@columnbadness=\count134
\c@finalcolumnbadness=\count135
\last@try=\dimen187
\multicolovershoot=\dimen188
\multicolundershoot=\dimen189
\mult@nat@firstbox=\box65
\colbreak@box=\box66
\mc@col@check@num=\count136
)
("C:\Program Files\MiKTeX 2.9\tex\latex\l3packages\xparse\xparse.sty"
("C:\Program Files\MiKTeX 2.9\tex\latex\l3kernel\expl3.sty"
Package: expl3 2019-02-15 L3 programming layer (loader) 

("C:\Program Files\MiKTeX 2.9\tex\latex\l3kernel\expl3-code.tex"
Package: expl3 2019-02-15 L3 programming layer (code)
\c_max_int=\count137
\l_tmpa_int=\count138
\l_tmpb_int=\count139
\g_tmpa_int=\count140
\g_tmpb_int=\count141
\g__kernel_prg_map_int=\count142
\c_log_iow=\count143
\l_iow_line_count_int=\count144
\l__iow_line_target_int=\count145
\l__iow_one_indent_int=\count146
\l__iow_indent_int=\count147
\c_zero_dim=\dimen190
\c_max_dim=\dimen191
\l_tmpa_dim=\dimen192
\l_tmpb_dim=\dimen193
\g_tmpa_dim=\dimen194
\g_tmpb_dim=\dimen195
\c_zero_skip=\skip56
\c_max_skip=\skip57
\l_tmpa_skip=\skip58
\l_tmpb_skip=\skip59
\g_tmpa_skip=\skip60
\g_tmpb_skip=\skip61
\c_zero_muskip=\muskip11
\c_max_muskip=\muskip12
\l_tmpa_muskip=\muskip13
\l_tmpb_muskip=\muskip14
\g_tmpa_muskip=\muskip15
\g_tmpb_muskip=\muskip16
\l_keys_choice_int=\count148
\l__intarray_loop_int=\count149
\c__intarray_sp_dim=\dimen196
\g__intarray_font_int=\count150
\c__fp_leading_shift_int=\count151
\c__fp_middle_shift_int=\count152
\c__fp_trailing_shift_int=\count153
\c__fp_big_leading_shift_int=\count154
\c__fp_big_middle_shift_int=\count155
\c__fp_big_trailing_shift_int=\count156
\c__fp_Bigg_leading_shift_int=\count157
\c__fp_Bigg_middle_shift_int=\count158
\c__fp_Bigg_trailing_shift_int=\count159
\c__kernel_randint_max_int=\count160
\g__fp_array_int=\count161
\l__fp_array_loop_int=\count162
\l__sort_length_int=\count163
\l__sort_min_int=\count164
\l__sort_top_int=\count165
\l__sort_max_int=\count166
\l__sort_true_max_int=\count167
\l__sort_block_int=\count168
\l__sort_begin_int=\count169
\l__sort_end_int=\count170
\l__sort_A_int=\count171
\l__sort_B_int=\count172
\l__sort_C_int=\count173
\l__tl_analysis_normal_int=\count174
\l__tl_analysis_index_int=\count175
\l__tl_analysis_nesting_int=\count176
\l__tl_analysis_type_int=\count177
\l__regex_internal_a_int=\count178
\l__regex_internal_b_int=\count179
\l__regex_internal_c_int=\count180
\l__regex_balance_int=\count181
\l__regex_group_level_int=\count182
\l__regex_mode_int=\count183
\c__regex_cs_in_class_mode_int=\count184
\c__regex_cs_mode_int=\count185
\l__regex_catcodes_int=\count186
\l__regex_default_catcodes_int=\count187
\c__regex_catcode_D_int=\count188
\c__regex_catcode_S_int=\count189
\c__regex_catcode_L_int=\count190
\c__regex_catcode_O_int=\count191
\c__regex_catcode_A_int=\count192
\c__regex_all_catcodes_int=\count193
\l__regex_show_lines_int=\count194
\l__regex_min_state_int=\count195
\l__regex_max_state_int=\count196
\l__regex_left_state_int=\count197
\l__regex_right_state_int=\count198
\l__regex_capturing_group_int=\count199
\l__regex_min_pos_int=\count266
\l__regex_max_pos_int=\count267
\l__regex_curr_pos_int=\count268
\l__regex_start_pos_int=\count269
\l__regex_success_pos_int=\count270
\l__regex_curr_char_int=\count271
\l__regex_curr_catcode_int=\count272
\l__regex_last_char_int=\count273
\l__regex_case_changed_char_int=\count274
\l__regex_curr_state_int=\count275
\l__regex_step_int=\count276
\l__regex_min_active_int=\count277
\l__regex_max_active_int=\count278
\l__regex_replacement_csnames_int=\count279
\l__regex_match_count_int=\count280
\l__regex_min_submatch_int=\count281
\l__regex_submatch_int=\count282
\l__regex_zeroth_submatch_int=\count283
\g__regex_trace_regex_int=\count284
\c_empty_box=\box67
\l_tmpa_box=\box68
\l_tmpb_box=\box69
\g_tmpa_box=\box70
\g_tmpb_box=\box71
\l__box_top_dim=\dimen197
\l__box_bottom_dim=\dimen198
\l__box_left_dim=\dimen199
\l__box_right_dim=\dimen256
\l__box_top_new_dim=\dimen257
\l__box_bottom_new_dim=\dimen258
\l__box_left_new_dim=\dimen259
\l__box_right_new_dim=\dimen260
\l__box_internal_box=\box72
\l__coffin_internal_box=\box73
\l__coffin_internal_dim=\dimen261
\l__coffin_offset_x_dim=\dimen262
\l__coffin_offset_y_dim=\dimen263
\l__coffin_x_dim=\dimen264
\l__coffin_y_dim=\dimen265
\l__coffin_x_prime_dim=\dimen266
\l__coffin_y_prime_dim=\dimen267
\c_empty_coffin=\box74
\l__coffin_aligned_coffin=\box75
\l__coffin_aligned_internal_coffin=\box76
\l_tmpa_coffin=\box77
\l_tmpb_coffin=\box78
\g_tmpa_coffin=\box79
\g_tmpb_coffin=\box80
\c__coffin_empty_coffin=\box81
\l__coffin_display_coffin=\box82
\l__coffin_display_coord_coffin=\box83
\l__coffin_display_pole_coffin=\box84
\l__coffin_display_offset_dim=\dimen268
\l__coffin_display_x_dim=\dimen269
\l__coffin_display_y_dim=\dimen270
\g__file_internal_ior=\read2
\l__coffin_bounding_shift_dim=\dimen271
\l__coffin_left_corner_dim=\dimen272
\l__coffin_right_corner_dim=\dimen273
\l__coffin_bottom_corner_dim=\dimen274
\l__coffin_top_corner_dim=\dimen275
\l__coffin_scaled_total_height_dim=\dimen276
\l__coffin_scaled_width_dim=\dimen277
\l__seq_internal_a_int=\count285
\l__seq_internal_b_int=\count286
)
("C:\Program Files\MiKTeX 2.9\tex\latex\l3kernel\l3pdfmode.def"
File: l3pdfmode.def 2019-02-15 v L3 Experimental driver: PDF mode
\l__driver_color_stack_int=\count287
))
Package: xparse 2018-10-17 L3 Experimental document command parser
\l__xparse_current_arg_int=\count288
\g__xparse_grabber_int=\count289
\l__xparse_m_args_int=\count290
\l__xparse_mandatory_args_int=\count291
\l__xparse_v_nesting_int=\count292
)
\c@satz=\count293
\c@subsatz=\count294

No file analysis_skript.aux.
\openout1 = `analysis_skript.aux'.

LaTeX Font Info:    Checking defaults for OML/cmm/m/it on input line 138.
LaTeX Font Info:    ... okay on input line 138.
LaTeX Font Info:    Checking defaults for T1/cmr/m/n on input line 138.
LaTeX Font Info:    ... okay on input line 138.
LaTeX Font Info:    Checking defaults for OT1/cmr/m/n on input line 138.
LaTeX Font Info:    ... okay on input line 138.
LaTeX Font Info:    Checking defaults for OMS/cmsy/m/n on input line 138.
LaTeX Font Info:    ... okay on input line 138.
LaTeX Font Info:    Checking defaults for OMX/cmex/m/n on input line 138.
LaTeX Font Info:    ... okay on input line 138.
LaTeX Font Info:    Checking defaults for U/cmr/m/n on input line 138.
LaTeX Font Info:    ... okay on input line 138.
ABD: EveryShipout initializing macros
("C:\Program Files\MiKTeX 2.9\tex\context\base\supp-pdf.mkii"
[Loading MPS to PDF converter (version 2006.09.02).]
\scratchcounter=\count295
\scratchdimen=\dimen278
\scratchbox=\box85
\nofMPsegments=\count296
\nofMParguments=\count297
\everyMPshowfont=\toks44
\MPscratchCnt=\count298
\MPscratchDim=\dimen279
\MPnumerator=\count299
\makeMPintoPDFobject=\count300
\everyMPtoPDFconversion=\toks45
) ("C:\Program Files\MiKTeX 2.9\tex\latex\oberdiek\epstopdf-base.sty"
Package: epstopdf-base 2016/05/15 v2.6 Base part for package epstopdf

("C:\Program Files\MiKTeX 2.9\tex\generic\oberdiek\infwarerr.sty"
Package: infwarerr 2016/05/16 v1.4 Providing info/warning/error messages (HO)
)
("C:\Program Files\MiKTeX 2.9\tex\latex\oberdiek\grfext.sty"
Package: grfext 2016/05/16 v1.2 Manage graphics extensions (HO)

("C:\Program Files\MiKTeX 2.9\tex\generic\oberdiek\kvdefinekeys.sty"
Package: kvdefinekeys 2016/05/16 v1.4 Define keys (HO)

("C:\Program Files\MiKTeX 2.9\tex\generic\oberdiek\ltxcmds.sty"
Package: ltxcmds 2016/05/16 v1.23 LaTeX kernel commands for general use (HO)
)))
("C:\Program Files\MiKTeX 2.9\tex\latex\oberdiek\kvoptions.sty"
Package: kvoptions 2016/05/16 v3.12 Key value format for package options (HO)

("C:\Program Files\MiKTeX 2.9\tex\generic\oberdiek\kvsetkeys.sty"
Package: kvsetkeys 2016/05/16 v1.17 Key value parser (HO)

("C:\Program Files\MiKTeX 2.9\tex\generic\oberdiek\etexcmds.sty"
Package: etexcmds 2016/05/16 v1.6 Avoid name clashes with e-TeX commands (HO)

("C:\Program Files\MiKTeX 2.9\tex\generic\oberdiek\ifluatex.sty"
Package: ifluatex 2016/05/16 v1.4 Provides the ifluatex switch (HO)
Package ifluatex Info: LuaTeX not detected.
)
Package etexcmds Info: Could not find \expanded.
(etexcmds)             That can mean that you are not using pdfTeX 1.50 or
(etexcmds)             that some package has redefined \expanded.
(etexcmds)             In the latter case, load this package earlier.
)))
("C:\Program Files\MiKTeX 2.9\tex\generic\oberdiek\pdftexcmds.sty"
Package: pdftexcmds 2018/09/10 v0.29 Utility functions of pdfTeX for LuaTeX (HO
)
Package pdftexcmds Info: LuaTeX not detected.
Package pdftexcmds Info: \pdf@primitive is available.
Package pdftexcmds Info: \pdf@ifprimitive is available.
Package pdftexcmds Info: \pdfdraftmode found.
)
Package epstopdf-base Info: Redefining graphics rule for `.eps' on input line 4
38.
Package grfext Info: Graphics extension search list:
(grfext)             [.pdf,.png,.jpg,.mps,.jpeg,.jbig2,.jb2,.PDF,.PNG,.JPG,.JPE
G,.JBIG2,.JB2,.eps]
(grfext)             \AppendGraphicsExtensions on input line 456.
)
*geometry* driver: auto-detecting
*geometry* detected driver: pdftex
*geometry* verbose mode - [ preamble ] result:
* driver: pdftex
* paper: a4paper
* layout: <same size as paper>
* layoutoffset:(h,v)=(0.0pt,0.0pt)
* modes: 
* h-part:(L,W,R)=(71.13188pt, 455.24411pt, 71.13188pt)
* v-part:(T,H,B)=(71.13188pt, 702.78308pt, 71.13188pt)
* \paperwidth=597.50787pt
* \paperheight=845.04684pt
* \textwidth=455.24411pt
* \textheight=702.78308pt
* \oddsidemargin=-1.1381pt
* \evensidemargin=-1.1381pt
* \topmargin=-38.1381pt
* \headheight=12.0pt
* \headsep=25.0pt
* \topskip=10.0pt
* \footskip=30.0pt
* \marginparwidth=57.0pt
* \marginparsep=11.0pt
* \columnsep=10.0pt
* \skip\footins=9.0pt plus 4.0pt minus 2.0pt
* \hoffset=0.0pt
* \voffset=0.0pt
* \mag=1000
* \@twocolumnfalse
* \@twosidefalse
* \@mparswitchfalse
* \@reversemarginfalse
* (1in=72.27pt=25.4mm, 1cm=28.453pt)

LaTeX Font Info:    Try loading font information for U+msa on input line 141.
("C:\Program Files\MiKTeX 2.9\tex\latex\amsfonts\umsa.fd"
File: umsa.fd 2013/01/14 v3.01 AMS symbols A
)
LaTeX Font Info:    Try loading font information for U+msb on input line 141.

("C:\Program Files\MiKTeX 2.9\tex\latex\amsfonts\umsb.fd"
File: umsb.fd 2013/01/14 v3.01 AMS symbols B
)

LaTeX Warning: No \author given.

[1

{C:/Users/tanja/AppData/Local/MiKTeX/2.9/pdftex/config/pdftex.map}]
No file analysis_skript.toc.
\tf@toc=\write4
\openout4 = `analysis_skript.toc'.

[1] [2] [3] [4]
! Missing $ inserted.
<inserted text> 
                $
l.375 ...twidth]{images/GauÃŸsche_Zahlenebene.png}
                                                  
? 

LaTeX Warning: File `images/Gau\IeC {\ss }sche_Zahlenebene.png' not found on in
put line 375.


! Package pdftex.def Error: File `images/Gau\T1\ss sche_Zahlenebene.png' not fo
und: using draft setting.

See the pdftex.def package documentation for explanation.
Type  H <return>  for immediate help.
 ...                                              
                                                  
l.375 ...twidth]{images/GauÃŸsche_Zahlenebene.png}
                                                  
? 
LaTeX Font Info:    Try loading font information for T1+cmtt on input line 375.

("C:\Program Files\MiKTeX 2.9\tex\latex\base\t1cmtt.fd"
File: t1cmtt.fd 2014/09/29 v2.5h Standard LaTeX font definitions
)
! Missing $ inserted.
<inserted text> 
                $
l.375 ...twidth]{images/GauÃŸsche_Zahlenebene.png}
                                                  
? 
Missing character: There is no ÿ in font cmr10!
[5]
LaTeX Font Info:    Try loading font information for OMS+cmr on input line 409.

 ("C:\Program Files\MiKTeX 2.9\tex\latex\base\omscmr.fd"
File: omscmr.fd 2014/09/29 v2.5h Standard LaTeX font definitions
)
LaTeX Font Info:    Font shape `OMS/cmr/m/n' in size <10> not available
(Font)              Font shape `OMS/cmsy/m/n' tried instead on input line 409.
<images/gaussebene_mit_konj.png, id=45, 570.63188pt x 420.06938pt>
File: images/gaussebene_mit_konj.png Graphic file (type png)
<use images/gaussebene_mit_konj.png>
Package pdftex.def Info: images/gaussebene_mit_konj.png  used on input line 420
.
(pdftex.def)             Requested size: 150.23138pt x 110.59355pt.
 [6 <C:/Users/tanja/Documents/Uni/Analysis/Analysis-LaTeX/images/gaussebene_mit
_konj.png>]
<images/dreieck_wurzel2.png, id=52, 313.9228pt x 302.63063pt>
File: images/dreieck_wurzel2.png Graphic file (type png)
<use images/dreieck_wurzel2.png>
Package pdftex.def Info: images/dreieck_wurzel2.png  used on input line 473.
(pdftex.def)             Requested size: 150.23138pt x 144.82698pt.

[7 <C:/Users/tanja/Documents/Uni/Analysis/Analysis-LaTeX/images/dreieck_wurzel2
.png>] [8] [9] [10] [11] [12]
<images/zahlenstrahl_bolzanoWS.png, id=77, 442.65375pt x 82.05656pt>
File: images/zahlenstrahl_bolzanoWS.png Graphic file (type png)
<use images/zahlenstrahl_bolzanoWS.png>
Package pdftex.def Info: images/zahlenstrahl_bolzanoWS.png  used on input line 
797.
(pdftex.def)             Requested size: 150.23138pt x 27.84877pt.
 [13 <C:/Users/tanja/Documents/Uni/Analysis/Analysis-LaTeX/images/zahlenstrahl_
bolzanoWS.png>] [14] [15]
Overfull \hbox (30.26773pt too wide) in paragraph at lines 893--904
[]$[][]$[]  [] 
 []

[16] [17]
Overfull \hbox (11.42097pt too wide) in paragraph at lines 1007--1013
[]$[][][] 
 []

[18] [19]
Underfull \hbox (badness 10000) in paragraph at lines 1091--1093

 []

<images/Beweisidee_Cauchy_Produkt.JPG, id=101, 375.65344pt x 162.6075pt>
File: images/Beweisidee_Cauchy_Produkt.JPG Graphic file (type jpg)
<use images/Beweisidee_Cauchy_Produkt.JPG>
Package pdftex.def Info: images/Beweisidee_Cauchy_Produkt.JPG  used on input li
ne 1096.
(pdftex.def)             Requested size: 150.23138pt x 65.03192pt.
[20 <C:/Users/tanja/Documents/Uni/Analysis/Analysis-LaTeX/images/Beweisidee_Cau
chy_Produkt.JPG>]
<images/konstante_funktion.png, id=105, 298.86656pt x 254.45062pt>
File: images/konstante_funktion.png Graphic file (type png)
<use images/konstante_funktion.png>
Package pdftex.def Info: images/konstante_funktion.png  used on input line 1129
.
(pdftex.def)             Requested size: 150.23138pt x 127.90445pt.
<images/identische_funktion.png, id=106, 284.56313pt x 283.0575pt>
File: images/identische_funktion.png Graphic file (type png)
<use images/identische_funktion.png>
Package pdftex.def Info: images/identische_funktion.png  used on input line 113
4.
(pdftex.def)             Requested size: 150.23138pt x 149.441pt.
<images/betrags_funktion.png, id=107, 286.06876pt x 283.0575pt>
File: images/betrags_funktion.png Graphic file (type png)
<use images/betrags_funktion.png>
Package pdftex.def Info: images/betrags_funktion.png  used on input line 1139.
(pdftex.def)             Requested size: 150.23138pt x 148.65059pt.
 [21 <C:/Users/tanja/Documents/Uni/Analysis/Analysis-LaTeX/images/konstante_fun
ktion.png> <C:/Users/tanja/Documents/Uni/Analysis/Analysis-LaTeX/images/identis
che_funktion.png>]
<images/floor_funktion.png, id=111, 286.06876pt x 283.0575pt>
File: images/floor_funktion.png Graphic file (type png)
<use images/floor_funktion.png>
Package pdftex.def Info: images/floor_funktion.png  used on input line 1144.
(pdftex.def)             Requested size: 150.23138pt x 148.65059pt.
<images/wurzel_funktion.png, id=112, 305.64188pt x 254.45062pt>
File: images/wurzel_funktion.png Graphic file (type png)
<use images/wurzel_funktion.png>
Package pdftex.def Info: images/wurzel_funktion.png  used on input line 1149.
(pdftex.def)             Requested size: 150.23138pt x 125.06627pt.
<images/exponential_funktion.png, id=113, 282.30469pt x 242.40562pt>
File: images/exponential_funktion.png Graphic file (type png)
<use images/exponential_funktion.png>
Package pdftex.def Info: images/exponential_funktion.png  used on input line 11
54.
(pdftex.def)             Requested size: 150.23138pt x 128.99959pt.
<images/polynom_funktion.png, id=114, 305.64188pt x 256.70906pt>
File: images/polynom_funktion.png Graphic file (type png)
<use images/polynom_funktion.png>
Package pdftex.def Info: images/polynom_funktion.png  used on input line 1159.
(pdftex.def)             Requested size: 150.23138pt x 126.17632pt.
 [22 <C:/Users/tanja/Documents/Uni/Analysis/Analysis-LaTeX/images/betrags_funkt
ion.png> <C:/Users/tanja/Documents/Uni/Analysis/Analysis-LaTeX/images/floor_fun
ktion.png> <C:/Users/tanja/Documents/Uni/Analysis/Analysis-LaTeX/images/wurzel_
funktion.png> <C:/Users/tanja/Documents/Uni/Analysis/Analysis-LaTeX/images/expo
nential_funktion.png>]
<images/DEF.png, id=119, 225.84375pt x 185.19188pt>
File: images/DEF.png Graphic file (type png)
<use images/DEF.png>
Package pdftex.def Info: images/DEF.png  used on input line 1179.
(pdftex.def)             Requested size: 150.23138pt x 123.19624pt.
 [23 <C:/Users/tanja/Documents/Uni/Analysis/Analysis-LaTeX/images/polynom_funkt
ion.png> <C:/Users/tanja/Documents/Uni/Analysis/Analysis-LaTeX/images/DEF.png>]


! LaTeX Error: Unknown graphics extension: .gif.

See the LaTeX manual or LaTeX Companion for explanation.
Type  H <return>  for immediate help.
 ...                                              
                                                  
l.1208 ...extwidth]{images/stetigefunktionbsp.gif}
                                                  
? 

! LaTeX Error: Unknown graphics extension: .gif.

See the LaTeX manual or LaTeX Companion for explanation.
Type  H <return>  for immediate help.
 ...                                              
                                                  
l.1213 ...dth]{images/nichtstetigefunktionbsp.gif}
                                                  
? 

Overfull \hbox (3.08142pt too wide) in paragraph at lines 1233--1238
[][]$ 
 []

[24]
<images/deltaepsilonkrit.png, id=128, 286.06876pt x 214.55156pt>
File: images/deltaepsilonkrit.png Graphic file (type png)
<use images/deltaepsilonkrit.png>
Package pdftex.def Info: images/deltaepsilonkrit.png  used on input line 1255.
(pdftex.def)             Requested size: 150.23138pt x 112.67398pt.
<images/nichtdeltaepsilonkrit.png, id=129, 298.86656pt x 169.38281pt>
File: images/nichtdeltaepsilonkrit.png Graphic file (type png)
<use images/nichtdeltaepsilonkrit.png>
Package pdftex.def Info: images/nichtdeltaepsilonkrit.png  used on input line 1
259.
(pdftex.def)             Requested size: 150.23138pt x 85.14348pt.
 [25 <C:/Users/tanja/Documents/Uni/Analysis/Analysis-LaTeX/images/deltaepsilonk
rit.png> <C:/Users/tanja/Documents/Uni/Analysis/Analysis-LaTeX/images/nichtdelt
aepsilonkrit.png>]
<images/nichtstetig_1-1.png, id=135, 214.55156pt x 222.07968pt>
File: images/nichtstetig_1-1.png Graphic file (type png)
<use images/nichtstetig_1-1.png>
Package pdftex.def Info: images/nichtstetig_1-1.png  used on input line 1311.
(pdftex.def)             Requested size: 150.23138pt x 155.50554pt.
 [26 <C:/Users/tanja/Documents/Uni/Analysis/Analysis-LaTeX/images/nichtstetig_1
-1.png>]
<images/zwischenwertsatz.png, id=139, 421.575pt x 257.96375pt>
File: images/zwischenwertsatz.png Graphic file (type png)
<use images/zwischenwertsatz.png>
Package pdftex.def Info: images/zwischenwertsatz.png  used on input line 1367.
(pdftex.def)             Requested size: 150.23138pt x 91.92612pt.
 [27 <C:/Users/tanja/Documents/Uni/Analysis/Analysis-LaTeX/images/zwischenwerts
atz.png (PNG copy)>]
<images/funktion_1durchx.png, id=143, 252.945pt x 260.47313pt>
File: images/funktion_1durchx.png Graphic file (type png)
<use images/funktion_1durchx.png>
Package pdftex.def Info: images/funktion_1durchx.png  used on input line 1420.
(pdftex.def)             Requested size: 150.23138pt x 154.70323pt.
 [28] [29 <C:/Users/tanja/Documents/Uni/Analysis/Analysis-LaTeX/images/funktion
_1durchx.png>]
File: images/exponential_funktion.png Graphic file (type png)
<use images/exponential_funktion.png>
Package pdftex.def Info: images/exponential_funktion.png  used on input line 14
81.
(pdftex.def)             Requested size: 150.23138pt x 128.99959pt.
 [30]
<images/epsilon_umgebung.png, id=154, 222.07968pt x 204.01219pt>
File: images/epsilon_umgebung.png Graphic file (type png)
<use images/epsilon_umgebung.png>
Package pdftex.def Info: images/epsilon_umgebung.png  used on input line 1515.
(pdftex.def)             Requested size: 150.23138pt x 138.00735pt.
 [31 <C:/Users/tanja/Documents/Uni/Analysis/Analysis-LaTeX/images/epsilon_umgeb
ung.png>]
<images/einheitskreis_sincosexp.png, id=159, 1027.84pt x 1027.84pt>
File: images/einheitskreis_sincosexp.png Graphic file (type png)
<use images/einheitskreis_sincosexp.png>
Package pdftex.def Info: images/einheitskreis_sincosexp.png  used on input line
 1575.
(pdftex.def)             Requested size: 150.23138pt x 150.21709pt.

[32] [33 <C:/Users/tanja/Documents/Uni/Analysis/Analysis-LaTeX/images/einheitsk
reis_sincosexp.png>]
Overfull \hbox (113.26758pt too wide) in paragraph at lines 1634--1662
[]$[][][] 
 []

[34] [35]
<images/sin_cos.png, id=174, 321.45094pt x 183.68625pt>
File: images/sin_cos.png Graphic file (type png)
<use images/sin_cos.png>
Package pdftex.def Info: images/sin_cos.png  used on input line 1688.
(pdftex.def)             Requested size: 150.23138pt x 85.84764pt.
<images/tangens.png, id=175, 269.50688pt x 371.13657pt>
File: images/tangens.png Graphic file (type png)
<use images/tangens.png>
Package pdftex.def Info: images/tangens.png  used on input line 1704.
(pdftex.def)             Requested size: 150.23138pt x 206.88365pt.
<images/cotangens.png, id=176, 270.25969pt x 309.40594pt>
File: images/cotangens.png Graphic file (type png)
<use images/cotangens.png>
Package pdftex.def Info: images/cotangens.png  used on input line 1709.
(pdftex.def)             Requested size: 150.23138pt x 171.99615pt.
 [36 <C:/Users/tanja/Documents/Uni/Analysis/Analysis-LaTeX/images/sin_cos.png>]
 [37 <C:/Users/tanja/Documents/Uni/Analysis/Analysis-LaTeX/images/tangens.png> 
<C:/Users/tanja/Documents/Uni/Analysis/Analysis-LaTeX/images/cotangens.png>]
Overfull \hbox (5.282pt too wide) in paragraph at lines 1744--1747
[]\T1/cmr/m/n/10 Eine qua-dra-ti-sche Funk-ti-on $\OML/cmm/m/it/10 f \OT1/cmr/m
/n/10 : \U/msb/m/n/10 R \OMS/cmsy/m/n/10 ! \U/msb/m/n/10 R$ \T1/cmr/m/n/10 mit 
$\OML/cmm/m/it/10 f\OT1/cmr/m/n/10 (\OML/cmm/m/it/10 x\OT1/cmr/m/n/10 ) = \OML/
cmm/m/it/10 x[]$\T1/cmr/m/n/10 . $\OML/cmm/m/it/10 f[]\OT1/cmr/m/n/10 (\OML/cmm
/m/it/10 x\OT1/cmr/m/n/10 ) = [] [] = [] [] =
 []


Overfull \hbox (58.03004pt too wide) in paragraph at lines 1750--1760
\T1/cmr/m/n/10 Für $[] \OML/cmm/m/it/10 < []$ \T1/cmr/m/n/10 folgt $[] \OT1/cmr
/m/n/10 = [] = [] = [] \OMS/cmsy/m/n/10  [][] [][] [] 
 []


Overfull \hbox (6.46678pt too wide) in paragraph at lines 1760--1763
[]\T1/cmr/m/n/10 Die Ab-lei-tungs-funk-ti-on $\OML/cmm/m/it/10 f \OT1/cmr/m/n/1
0 : \U/msb/m/n/10 R \OMS/cmsy/m/n/10 ! \U/msb/m/n/10 R$ \T1/cmr/m/n/10 mit $\OM
L/cmm/m/it/10 f\OT1/cmr/m/n/10 (\OML/cmm/m/it/10 x\OT1/cmr/m/n/10 ) = []$ \T1/c
mr/m/n/10 ist in $\OML/cmm/m/it/10 x \OT1/cmr/m/n/10 = 0$ \T1/cmr/m/n/10 nicht 
dif-fe-ren-zier-bar. $[] [] \OT1/cmr/m/n/10 =
 []

[38] [39] [40]
<images/satz_von_rolle.png, id=193, 1027.84pt x 578.16pt>
File: images/satz_von_rolle.png Graphic file (type png)
<use images/satz_von_rolle.png>
Package pdftex.def Info: images/satz_von_rolle.png  used on input line 1870.
(pdftex.def)             Requested size: 150.23138pt x 84.4971pt.
<images/Mittelwertsatz.png, id=194, 1027.84pt x 734.745pt>
File: images/Mittelwertsatz.png Graphic file (type png)
<use images/Mittelwertsatz.png>
Package pdftex.def Info: images/Mittelwertsatz.png  used on input line 1888.
(pdftex.def)             Requested size: 150.23138pt x 107.38174pt.
 [41 <C:/Users/tanja/Documents/Uni/Analysis/Analysis-LaTeX/images/satz_von_roll
e.png>]
Overfull \hbox (10.22916pt too wide) in paragraph at lines 1909--1913
[]\T1/cmr/m/n/10 Wäre $\OML/cmm/m/it/10 g\OT1/cmr/m/n/10 (\OML/cmm/m/it/10 b\OT
1/cmr/m/n/10 ) = \OML/cmm/m/it/10 g\OT1/cmr/m/n/10 (\OML/cmm/m/it/10 a\OT1/cmr/
m/n/10 )$\T1/cmr/m/n/10 , dann gä-be es nach dem Mit-tel-wert-satz ein $\OML/cm
m/m/it/10  \OMS/cmsy/m/n/10 2 \OT1/cmr/m/n/10 (\OML/cmm/m/it/10 a; b\OT1/cmr/m
/n/10 )$ \T1/cmr/m/n/10 mit $\OML/cmm/m/it/10 g[]\OT1/cmr/m/n/10 (\OML/cmm/m/it
/10 \OT1/cmr/m/n/10 ) = 0 [][] 
 []

<images/minima_maxima.png, id=199, 380.92313pt x 418.56375pt>
File: images/minima_maxima.png Graphic file (type png)
<use images/minima_maxima.png>
Package pdftex.def Info: images/minima_maxima.png  used on input line 1940.
(pdftex.def)             Requested size: 150.23138pt x 165.07219pt.
[42 <C:/Users/tanja/Documents/Uni/Analysis/Analysis-LaTeX/images/Mittelwertsatz
.png>]
Underfull \hbox (badness 10000) in paragraph at lines 1967--1969

 []

[43 <C:/Users/tanja/Documents/Uni/Analysis/Analysis-LaTeX/images/minima_maxima.
png>]
<images/Integral.png, id=208, 331.2375pt x 358.33875pt>
File: images/Integral.png Graphic file (type png)
<use images/Integral.png>
Package pdftex.def Info: images/Integral.png  used on input line 1997.
(pdftex.def)             Requested size: 150.23138pt x 162.51947pt.
<images/treppenfunktion.png, id=209, 548.80031pt x 248.42813pt>
File: images/treppenfunktion.png Graphic file (type png)
<use images/treppenfunktion.png>
Package pdftex.def Info: images/treppenfunktion.png  used on input line 2018.
(pdftex.def)             Requested size: 150.23138pt x 68.0052pt.
 [44 <C:/Users/tanja/Documents/Uni/Analysis/Analysis-LaTeX/images/Integral.png>
]
<images/treppenfunktion_zerlegung.png, id=214, 548.80031pt x 218.31563pt>
File: images/treppenfunktion_zerlegung.png Graphic file (type png)
<use images/treppenfunktion_zerlegung.png>
Package pdftex.def Info: images/treppenfunktion_zerlegung.png  used on input li
ne 2030.
(pdftex.def)             Requested size: 150.23138pt x 59.76215pt.
 [45 <C:/Users/tanja/Documents/Uni/Analysis/Analysis-LaTeX/images/treppenfunkti
on.png> <C:/Users/tanja/Documents/Uni/Analysis/Analysis-LaTeX/images/treppenfun
ktion_zerlegung.png>]
File: images/funktion_1durchx.png Graphic file (type png)
<use images/funktion_1durchx.png>
Package pdftex.def Info: images/funktion_1durchx.png  used on input line 2071.
(pdftex.def)             Requested size: 150.23138pt x 154.70323pt.
<images/ober_untersumme.png, id=218, 231.264pt x 203.8014pt>
File: images/ober_untersumme.png Graphic file (type png)
<use images/ober_untersumme.png>
Package pdftex.def Info: images/ober_untersumme.png  used on input line 2093.
(pdftex.def)             Requested size: 150.23138pt x 132.3978pt.
 [46]
Overfull \hbox (0.11234pt too wide) detected at line 2115
[]
 []

[47 <C:/Users/tanja/Documents/Uni/Analysis/Analysis-LaTeX/images/ober_untersumm
e.png>]
<images/mws_integral.png, id=226, 257.96375pt x 323.2075pt>
File: images/mws_integral.png Graphic file (type png)
<use images/mws_integral.png>
Package pdftex.def Info: images/mws_integral.png  used on input line 2169.
(pdftex.def)             Requested size: 150.23138pt x 188.23476pt.
 [48] [49 <C:/Users/tanja/Documents/Uni/Analysis/Analysis-LaTeX/images/mws_inte
gral.png>] [50]
<images/einheitskreis_pi.png, id=237, 425.33907pt x 412.54124pt>
File: images/einheitskreis_pi.png Graphic file (type png)
<use images/einheitskreis_pi.png>
Package pdftex.def Info: images/einheitskreis_pi.png  used on input line 2273.
(pdftex.def)             Requested size: 150.23138pt x 145.71352pt.

Overfull \hbox (9.2531pt too wide) in paragraph at lines 2271--2286
\OMS/cmsy/m/n/10 ) [][] [] \OT1/cmr/m/n/10 = [][] [] [] [][] [] = [][] [] =
 []

[51] [52 <C:/Users/tanja/Documents/Uni/Analysis/Analysis-LaTeX/images/einheitsk
reis_pi.png>] (analysis_skript.aux) )
(\end occurred inside a group at level 1)

### semi simple group (level 1) entered at line 139 (\begingroup)
### bottom level 
Here is how much of TeX's memory you used:
 23915 strings out of 492970
 462699 string characters out of 3135854
 498055 words of memory out of 3000000
 27425 multiletter control sequences out of 15000+200000
 549115 words of font info for 66 fonts, out of 3000000 for 9000
 1141 hyphenation exceptions out of 8191
 55i,28n,63p,728b,657s stack positions out of 5000i,500n,10000p,200000b,50000s
 <C:\Users\tanja\AppData\Local\MiKTeX\2.9\fonts\pk\ljfour\jknap
pen\ec\dpi600\ectt1000.pk> <C:\Users\tanja\AppData\Local\MiKTeX\2.9\fonts\pk\lj
four\jknappen\ec\dpi600\ecrm0500.pk> <C:\Users\tanja\AppData\Local\MiKTeX\2.9\f
onts\pk\ljfour\jknappen\ec\dpi600\ecrm0700.pk> <C:\Users\tanja\AppData\Local\Mi
KTeX\2.9\fonts\pk\ljfour\jknappen\ec\dpi600\ecti1000.pk> <C:\Users\tanja\AppDat
a\Local\MiKTeX\2.9\fonts\pk\ljfour\jknappen\ec\dpi600\ecbi1000.pk> <C:\Users\ta
nja\AppData\Local\MiKTeX\2.9\fonts\pk\ljfour\jknappen\ec\dpi600\ecbx1000.pk> <C
:\Users\tanja\AppData\Local\MiKTeX\2.9\fonts\pk\ljfour\jknappen\ec\dpi600\ecbx1
200.pk> <C:\Users\tanja\AppData\Local\MiKTeX\2.9\fonts\pk\ljfour\jknappen\ec\dp
i600\ecrm1000.pk> <C:\Users\tanja\AppData\Local\MiKTeX\2.9\fonts\pk\ljfour\jkna
ppen\ec\dpi600\ecbx1440.pk> <C:\Users\tanja\AppData\Local\MiKTeX\2.9\fonts\pk\l
jfour\jknappen\ec\dpi600\ecrm1200.pk> <C:\Users\tanja\AppData\Local\MiKTeX\2.9\
fonts\pk\ljfour\jknappen\ec\dpi600\ecrm0900.pk> <C:\Users\tanja\AppData\Local\M
iKTeX\2.9\fonts\pk\ljfour\jknappen\ec\dpi600\ecrm1728.pk><C:/Program Files/MiKT
eX 2.9/fonts/type1/public/amsfonts/cm/cmex10.pfb><C:/Program Files/MiKTeX 2.9/f
onts/type1/public/amsfonts/cm/cmmi10.pfb><C:/Program Files/MiKTeX 2.9/fonts/typ
e1/public/amsfonts/cm/cmmi5.pfb><C:/Program Files/MiKTeX 2.9/fonts/type1/public
/amsfonts/cm/cmmi7.pfb><C:/Program Files/MiKTeX 2.9/fonts/type1/public/amsfonts
/cm/cmr10.pfb><C:/Program Files/MiKTeX 2.9/fonts/type1/public/amsfonts/cm/cmr5.
pfb><C:/Program Files/MiKTeX 2.9/fonts/type1/public/amsfonts/cm/cmr7.pfb><C:/Pr
ogram Files/MiKTeX 2.9/fonts/type1/public/amsfonts/cm/cmsy10.pfb><C:/Program Fi
les/MiKTeX 2.9/fonts/type1/public/amsfonts/cm/cmsy5.pfb><C:/Program Files/MiKTe
X 2.9/fonts/type1/public/amsfonts/cm/cmsy7.pfb><C:/Program Files/MiKTeX 2.9/fon
ts/type1/public/amsfonts/cm/cmti10.pfb><C:/Program Files/MiKTeX 2.9/fonts/type1
/public/amsfonts/cm/cmti7.pfb><C:/Program Files/MiKTeX 2.9/fonts/type1/public/a
msfonts/symbols/msam10.pfb><C:/Program Files/MiKTeX 2.9/fonts/type1/public/amsf
onts/symbols/msbm10.pfb><C:/Program Files/MiKTeX 2.9/fonts/type1/public/amsfont
s/symbols/msbm7.pfb>
Output written on analysis_skript.pdf (53 pages, 776343 bytes).
PDF statistics:
 670 PDF objects out of 1000 (max. 8388607)
 0 named destinations out of 1000 (max. 500000)
 168 words of extra memory for PDF output out of 10000 (max. 10000000)

